<?xml version="1.0" encoding="UTF-8"?>
<testsuite name="study.datajpa.repository.ItemRepositoryTest" tests="1" skipped="0" failures="0" errors="0" timestamp="2024-03-20T01:02:58" hostname="Asungs-MacBook-Pro.local" time="0.283">
  <properties/>
  <testcase name="save" classname="study.datajpa.repository.ItemRepositoryTest" time="0.283"/>
  <system-out><![CDATA[
  .   ____          _            __ _ _
 /\\ / ___'_ __ _ _(_)_ __  __ _ \ \ \ \
( ( )\___ | '_ | '_| | '_ \/ _` | \ \ \ \
 \\/  ___)| |_)| | | | | || (_| |  ) ) ) )
  '  |____| .__|_| |_|_| |_\__, | / / / /
 =========|_|==============|___/=/_/_/_/
 :: Spring Boot ::                (v3.2.3)

2024-03-20T10:02:56.868+09:00  INFO 67740 --- [    Test worker] s.datajpa.repository.ItemRepositoryTest  : Starting ItemRepositoryTest using Java 17.0.9 with PID 67740 (started by asungkim in /Users/asungkim/Desktop/My folder/Study/Spring study/data-jpa)
2024-03-20T10:02:56.868+09:00  INFO 67740 --- [    Test worker] s.datajpa.repository.ItemRepositoryTest  : No active profile set, falling back to 1 default profile: "default"
2024-03-20T10:02:57.112+09:00  INFO 67740 --- [    Test worker] .s.d.r.c.RepositoryConfigurationDelegate : Bootstrapping Spring Data JPA repositories in DEFAULT mode.
2024-03-20T10:02:57.133+09:00  INFO 67740 --- [    Test worker] .s.d.r.c.RepositoryConfigurationDelegate : Finished Spring Data repository scanning in 18 ms. Found 3 JPA repository interfaces.
2024-03-20T10:02:57.330+09:00  INFO 67740 --- [    Test worker] o.hibernate.jpa.internal.util.LogHelper  : HHH000204: Processing PersistenceUnitInfo [name: default]
2024-03-20T10:02:57.351+09:00  INFO 67740 --- [    Test worker] org.hibernate.Version                    : HHH000412: Hibernate ORM core version 6.4.4.Final
2024-03-20T10:02:57.363+09:00  INFO 67740 --- [    Test worker] o.h.c.internal.RegionFactoryInitiator    : HHH000026: Second-level cache disabled
2024-03-20T10:02:57.452+09:00  INFO 67740 --- [    Test worker] o.s.o.j.p.SpringPersistenceUnitInfo      : No LoadTimeWeaver setup: ignoring JPA class transformer
2024-03-20T10:02:57.462+09:00  INFO 67740 --- [    Test worker] com.zaxxer.hikari.HikariDataSource       : HikariPool-1 - Starting...
2024-03-20T10:02:57.497+09:00  INFO 67740 --- [    Test worker] com.zaxxer.hikari.pool.HikariPool        : HikariPool-1 - Added connection conn0: url=jdbc:h2:tcp://localhost/~/datajpa user=SA
2024-03-20T10:02:57.498+09:00  INFO 67740 --- [    Test worker] com.zaxxer.hikari.HikariDataSource       : HikariPool-1 - Start completed.
2024-03-20T10:02:57.599+09:00  INFO 67740 --- [    Test worker] p6spy                                    : #1710896577599 | took 2ms | statement | connection 1| url jdbc:h2:tcp://localhost/~/datajpa
select * from INFORMATION_SCHEMA.SEQUENCES
select * from INFORMATION_SCHEMA.SEQUENCES;
2024-03-20T10:02:57.871+09:00  INFO 67740 --- [    Test worker] o.h.e.t.j.p.i.JtaPlatformInitiator       : HHH000489: No JTA platform available (set 'hibernate.transaction.jta.platform' to enable JTA platform integration)
2024-03-20T10:02:57.970+09:00 DEBUG 67740 --- [    Test worker] org.hibernate.SQL                        : 
    drop table if exists item cascade 
2024-03-20T10:02:57.971+09:00  INFO 67740 --- [    Test worker] p6spy                                    : #1710896577971 | took 0ms | statement | connection 2| url jdbc:h2:tcp://localhost/~/datajpa

    drop table if exists item cascade 

    drop table if exists item cascade ;
2024-03-20T10:02:57.971+09:00 DEBUG 67740 --- [    Test worker] org.hibernate.SQL                        : 
    drop table if exists member cascade 
2024-03-20T10:02:57.972+09:00  INFO 67740 --- [    Test worker] p6spy                                    : #1710896577972 | took 0ms | statement | connection 2| url jdbc:h2:tcp://localhost/~/datajpa

    drop table if exists member cascade 

    drop table if exists member cascade ;
2024-03-20T10:02:57.972+09:00 DEBUG 67740 --- [    Test worker] org.hibernate.SQL                        : 
    drop table if exists team cascade 
2024-03-20T10:02:57.972+09:00  INFO 67740 --- [    Test worker] p6spy                                    : #1710896577972 | took 0ms | statement | connection 2| url jdbc:h2:tcp://localhost/~/datajpa

    drop table if exists team cascade 

    drop table if exists team cascade ;
2024-03-20T10:02:57.973+09:00 DEBUG 67740 --- [    Test worker] org.hibernate.SQL                        : 
    drop sequence if exists member_seq
2024-03-20T10:02:57.973+09:00  INFO 67740 --- [    Test worker] p6spy                                    : #1710896577973 | took 0ms | statement | connection 2| url jdbc:h2:tcp://localhost/~/datajpa

    drop sequence if exists member_seq

    drop sequence if exists member_seq;
2024-03-20T10:02:57.973+09:00 DEBUG 67740 --- [    Test worker] org.hibernate.SQL                        : 
    drop sequence if exists team_seq
2024-03-20T10:02:57.973+09:00  INFO 67740 --- [    Test worker] p6spy                                    : #1710896577973 | took 0ms | statement | connection 2| url jdbc:h2:tcp://localhost/~/datajpa

    drop sequence if exists team_seq

    drop sequence if exists team_seq;
2024-03-20T10:02:57.975+09:00 DEBUG 67740 --- [    Test worker] org.hibernate.SQL                        : 
    create sequence member_seq start with 1 increment by 50
2024-03-20T10:02:57.976+09:00  INFO 67740 --- [    Test worker] p6spy                                    : #1710896577976 | took 0ms | statement | connection 3| url jdbc:h2:tcp://localhost/~/datajpa

    create sequence member_seq start with 1 increment by 50

    create sequence member_seq start with 1 increment by 50;
2024-03-20T10:02:57.976+09:00 DEBUG 67740 --- [    Test worker] org.hibernate.SQL                        : 
    create sequence team_seq start with 1 increment by 50
2024-03-20T10:02:57.976+09:00  INFO 67740 --- [    Test worker] p6spy                                    : #1710896577976 | took 0ms | statement | connection 3| url jdbc:h2:tcp://localhost/~/datajpa

    create sequence team_seq start with 1 increment by 50

    create sequence team_seq start with 1 increment by 50;
2024-03-20T10:02:57.978+09:00 DEBUG 67740 --- [    Test worker] org.hibernate.SQL                        : 
    create table item (
        created_date timestamp(6),
        id varchar(255) not null,
        primary key (id)
    )
2024-03-20T10:02:57.978+09:00  INFO 67740 --- [    Test worker] p6spy                                    : #1710896577978 | took 0ms | statement | connection 3| url jdbc:h2:tcp://localhost/~/datajpa

    create table item (
        created_date timestamp(6),
        id varchar(255) not null,
        primary key (id)
    )

    create table item (
        created_date timestamp(6),
        id varchar(255) not null,
        primary key (id)
    );
2024-03-20T10:02:57.979+09:00 DEBUG 67740 --- [    Test worker] org.hibernate.SQL                        : 
    create table member (
        age integer not null,
        member_id bigint not null,
        team_id bigint,
        created_by varchar(255),
        last_modified_by varchar(255),
        username varchar(255),
        primary key (member_id)
    )
2024-03-20T10:02:57.979+09:00  INFO 67740 --- [    Test worker] p6spy                                    : #1710896577979 | took 0ms | statement | connection 3| url jdbc:h2:tcp://localhost/~/datajpa

    create table member (
        age integer not null,
        member_id bigint not null,
        team_id bigint,
        created_by varchar(255),
        last_modified_by varchar(255),
        username varchar(255),
        primary key (member_id)
    )

    create table member (
        age integer not null,
        member_id bigint not null,
        team_id bigint,
        created_by varchar(255),
        last_modified_by varchar(255),
        username varchar(255),
        primary key (member_id)
    );
2024-03-20T10:02:57.979+09:00 DEBUG 67740 --- [    Test worker] org.hibernate.SQL                        : 
    create table team (
        team_id bigint not null,
        name varchar(255),
        primary key (team_id)
    )
2024-03-20T10:02:57.980+09:00  INFO 67740 --- [    Test worker] p6spy                                    : #1710896577980 | took 0ms | statement | connection 3| url jdbc:h2:tcp://localhost/~/datajpa

    create table team (
        team_id bigint not null,
        name varchar(255),
        primary key (team_id)
    )

    create table team (
        team_id bigint not null,
        name varchar(255),
        primary key (team_id)
    );
2024-03-20T10:02:57.980+09:00 DEBUG 67740 --- [    Test worker] org.hibernate.SQL                        : 
    alter table if exists member 
       add constraint FKcjte2jn9pvo9ud2hyfgwcja0k 
       foreign key (team_id) 
       references team
2024-03-20T10:02:57.981+09:00  INFO 67740 --- [    Test worker] p6spy                                    : #1710896577981 | took 0ms | statement | connection 3| url jdbc:h2:tcp://localhost/~/datajpa

    alter table if exists member 
       add constraint FKcjte2jn9pvo9ud2hyfgwcja0k 
       foreign key (team_id) 
       references team

    alter table if exists member 
       add constraint FKcjte2jn9pvo9ud2hyfgwcja0k 
       foreign key (team_id) 
       references team;
2024-03-20T10:02:57.982+09:00  INFO 67740 --- [    Test worker] j.LocalContainerEntityManagerFactoryBean : Initialized JPA EntityManagerFactory for persistence unit 'default'
2024-03-20T10:02:58.094+09:00  INFO 67740 --- [    Test worker] o.s.d.j.r.query.QueryEnhancerFactory     : Hibernate is in classpath; If applicable, HQL parser will be used.
2024-03-20T10:02:58.303+09:00  WARN 67740 --- [    Test worker] JpaBaseConfiguration$JpaWebConfiguration : spring.jpa.open-in-view is enabled by default. Therefore, database queries may be performed during view rendering. Explicitly configure spring.jpa.open-in-view to disable this warning
2024-03-20T10:02:58.464+09:00  INFO 67740 --- [    Test worker] s.datajpa.repository.ItemRepositoryTest  : Started ItemRepositoryTest in 1.702 seconds (process running for 2.126)
2024-03-20T10:02:58.746+09:00 DEBUG 67740 --- [    Test worker] org.hibernate.SQL                        : 
    insert 
    into
        item
        (created_date, id) 
    values
        (?, ?)
2024-03-20T10:02:58.750+09:00  INFO 67740 --- [    Test worker] p6spy                                    : #1710896578750 | took 1ms | statement | connection 4| url jdbc:h2:tcp://localhost/~/datajpa
insert into item (created_date,id) values (?,?)
insert into item (created_date,id) values ('2024-03-20T10:02:58.734+0900','A');
2024-03-20T10:02:58.751+09:00  INFO 67740 --- [    Test worker] p6spy                                    : #1710896578751 | took 0ms | commit | connection 4| url jdbc:h2:tcp://localhost/~/datajpa

;
]]></system-out>
  <system-err><![CDATA[]]></system-err>
</testsuite>
